\BOOKMARK [1][-]{section.1}{\376\377\133\236\232\214\121\205\133\271\116\016\213\276\213\241}{}% 1
\BOOKMARK [2][-]{subsection.1.1}{\376\377\131\032\117\115\123\101\121\155\217\333\122\066\122\240\154\325\217\320\173\227\133\236\232\214}{section.1}% 2
\BOOKMARK [3][-]{subsubsection.1.1.1}{\376\377\133\236\232\214\165\065\215\357\126\376}{subsection.1.1}% 3
\BOOKMARK [3][-]{subsubsection.1.1.2}{\376\377\133\236\232\214\213\276\213\241}{subsection.1.1}% 4
\BOOKMARK [2][-]{subsection.1.2}{\376\377\131\032\117\115\123\101\121\155\217\333\122\066\121\317\154\325\217\320\173\227\133\236\232\214}{section.1}% 5
\BOOKMARK [3][-]{subsubsection.1.2.1}{\376\377\133\236\232\214\213\276\213\241}{subsection.1.2}% 6
\BOOKMARK [2][-]{subsection.1.3}{\376\377\131\032\117\115\123\101\121\155\217\333\122\066\116\130\154\325\217\320\173\227\133\236\232\214}{section.1}% 7
\BOOKMARK [3][-]{subsubsection.1.3.1}{\376\377\133\236\232\214\213\276\213\241}{subsection.1.3}% 8
\BOOKMARK [1][-]{section.2}{\376\377\133\236\232\214\176\323\147\234}{}% 9
\BOOKMARK [2][-]{subsection.2.1}{\376\377\131\032\117\115\123\101\121\155\217\333\122\066\122\240\154\325\217\320\173\227\133\236\232\214}{section.2}% 10
\BOOKMARK [3][-]{subsubsection.2.1.1}{\376\377\127\372\170\100\133\236\232\214}{subsection.2.1}% 11
\BOOKMARK [3][-]{subsubsection.2.1.2}{\376\377\142\151\134\125\116\000\377\032\211\302\133\337\217\333\117\115\000\040\000\050\000C\000F\000\051\000\040\124\214\226\366\000\040\000\050\000Z\000F\000\051}{subsection.2.1}% 12
\BOOKMARK [3][-]{subsubsection.2.1.3}{\376\377\142\151\134\125\116\214\377\032\211\302\133\337\156\242\121\372\000\040\000\050\000O\000F\000\051\000\040\124\214\173\046\123\367\000\040\000\050\000S\000F\000\051}{subsection.2.1}% 13
\BOOKMARK [3][-]{subsubsection.2.1.4}{\376\377\142\151\134\125\116\011\377\032\211\302\133\337\000\040\000O\000F\000\040\124\214\000\040\000C\000F\000\040\124\014\145\366\177\156\117\115}{subsection.2.1}% 14
\BOOKMARK [3][-]{subsubsection.2.1.5}{\376\377\142\151\134\125\126\333\377\032\133\236\163\260\000\040\000A\000D\000C\000\040\000\050\136\046\217\333\117\115\122\240\154\325\000\051}{subsection.2.1}% 15
\BOOKMARK [3][-]{subsubsection.2.1.6}{\376\377\142\151\134\125\116\224\377\032\133\236\163\260\000\040\000I\000N\000C\000\040\000\050\116\015\137\161\124\315\000\040\000C\000F\000\051}{subsection.2.1}% 16
\BOOKMARK [2][-]{subsection.2.2}{\376\377\131\032\117\115\123\101\121\155\217\333\122\066\121\317\154\325\217\320\173\227\133\236\232\214}{section.2}% 17
\BOOKMARK [3][-]{subsubsection.2.2.1}{\376\377\127\372\170\100\133\236\232\214}{subsection.2.2}% 18
\BOOKMARK [3][-]{subsubsection.2.2.2}{\376\377\142\151\134\125\116\000\377\032\000S\000U\000B\143\007\116\344\377\014\166\370\121\317\116\072\226\366\060\001\120\037\117\115\140\305\121\265}{subsection.2.2}% 19
\BOOKMARK [3][-]{subsubsection.2.2.3}{\376\377\142\151\134\125\116\214\377\032\000S\000U\000B\156\242\121\372\140\305\121\265}{subsection.2.2}% 20
\BOOKMARK [3][-]{subsubsection.2.2.4}{\376\377\142\151\134\125\116\011\377\032\143\214\143\341\000S\000B\000B\143\007\116\344}{subsection.2.2}% 21
\BOOKMARK [2][-]{subsection.2.3}{\376\377\131\032\117\115\123\101\121\155\217\333\122\066\116\130\154\325\217\320\173\227\133\236\232\214}{section.2}% 22
\BOOKMARK [3][-]{subsubsection.2.3.1}{\376\377\127\372\170\100\133\236\232\214}{subsection.2.3}% 23
\BOOKMARK [3][-]{subsubsection.2.3.2}{\376\377\142\151\134\125\116\000\377\032\000I\000M\000U\000L\000\040\377\010\147\011\173\046\123\367\116\130\154\325\377\011}{subsection.2.3}% 24
\BOOKMARK [1][-]{section.3}{\376\377\140\035\200\003\116\016\140\073\176\323}{}% 25
\BOOKMARK [1][-]{section.3}{\376\377\226\104\137\125\000\040\000A\000\040\000\040\133\236\232\214\154\107\177\026\116\343\170\001}{}% 26
